2018/08/27 13:57:52 [I] Starting Grafana
2018/08/27 13:57:52 [I] Version: 2.5.0, Commit: v2.5.0+1-g287d8ca, Build date: 2015-10-28 09:43:28 +0100 CET
2018/08/27 13:57:52 [I] Configuration Info
Config files:
  [0]: /home/alek/practice-minikube1/grafana-2.5.0/conf/defaults.ini
Paths:
  home: /home/alek/practice-minikube1/grafana-2.5.0
  data: /home/alek/practice-minikube1/grafana-2.5.0/data
  logs: /home/alek/practice-minikube1/grafana-2.5.0/data/log

2018/08/27 13:57:52 [I] Database: sqlite3
2018/08/27 13:57:52 [I] Migrator: Starting DB migration
2018/08/27 13:57:52 [I] Migrator: exec migration id: create migration_log table
2018/08/27 13:57:52 [I] Migrator: exec migration id: create user table
2018/08/27 13:57:52 [I] Migrator: exec migration id: add unique index user.login
2018/08/27 13:57:52 [I] Migrator: exec migration id: add unique index user.email
2018/08/27 13:57:52 [I] Migrator: exec migration id: drop index UQE_user_login - v1
2018/08/27 13:57:52 [I] Migrator: exec migration id: drop index UQE_user_email - v1
2018/08/27 13:57:53 [I] Migrator: exec migration id: Rename table user to user_v1 - v1
2018/08/27 13:57:53 [I] Migrator: exec migration id: create user table v2
2018/08/27 13:57:53 [I] Migrator: exec migration id: create index UQE_user_login - v2
2018/08/27 13:57:53 [I] Migrator: exec migration id: create index UQE_user_email - v2
2018/08/27 13:57:53 [I] Migrator: exec migration id: copy data_source v1 to v2
2018/08/27 13:57:53 [I] Migrator: exec migration id: Drop old table user_v1
2018/08/27 13:57:53 [I] Migrator: exec migration id: create temp user table v1-7
2018/08/27 13:57:53 [I] Migrator: exec migration id: create index IDX_temp_user_email - v1-7
2018/08/27 13:57:53 [I] Migrator: exec migration id: create index IDX_temp_user_org_id - v1-7
2018/08/27 13:57:53 [I] Migrator: exec migration id: create index IDX_temp_user_code - v1-7
2018/08/27 13:57:53 [I] Migrator: exec migration id: create index IDX_temp_user_status - v1-7
2018/08/27 13:57:53 [I] Migrator: exec migration id: create star table
2018/08/27 13:57:53 [I] Migrator: exec migration id: add unique index star.user_id_dashboard_id
2018/08/27 13:57:53 [I] Migrator: exec migration id: create org table v1
2018/08/27 13:57:53 [I] Migrator: exec migration id: create index UQE_org_name - v1
2018/08/27 13:57:53 [I] Migrator: exec migration id: create org_user table v1
2018/08/27 13:57:53 [I] Migrator: exec migration id: create index IDX_org_user_org_id - v1
2018/08/27 13:57:53 [I] Migrator: exec migration id: create index UQE_org_user_org_id_user_id - v1
2018/08/27 13:57:54 [I] Migrator: exec migration id: copy data account to org
2018/08/27 13:57:54 [I] Migrator: skipping migration id: copy data account to org, condition not fulfilled
2018/08/27 13:57:54 [I] Migrator: exec migration id: copy data account_user to org_user
2018/08/27 13:57:54 [I] Migrator: skipping migration id: copy data account_user to org_user, condition not fulfilled
2018/08/27 13:57:54 [I] Migrator: exec migration id: Drop old table account
2018/08/27 13:57:54 [I] Migrator: exec migration id: Drop old table account_user
2018/08/27 13:57:54 [I] Migrator: exec migration id: create dashboard table
2018/08/27 13:57:54 [I] Migrator: exec migration id: add index dashboard.account_id
2018/08/27 13:57:54 [I] Migrator: exec migration id: add unique index dashboard_account_id_slug
2018/08/27 13:57:54 [I] Migrator: exec migration id: create dashboard_tag table
2018/08/27 13:57:54 [I] Migrator: exec migration id: add unique index dashboard_tag.dasboard_id_term
2018/08/27 13:57:54 [I] Migrator: exec migration id: drop index UQE_dashboard_tag_dashboard_id_term - v1
2018/08/27 13:57:54 [I] Migrator: exec migration id: Rename table dashboard to dashboard_v1 - v1
2018/08/27 13:57:54 [I] Migrator: exec migration id: create dashboard v2
2018/08/27 13:57:54 [I] Migrator: exec migration id: create index IDX_dashboard_org_id - v2
2018/08/27 13:57:54 [I] Migrator: exec migration id: create index UQE_dashboard_org_id_slug - v2
2018/08/27 13:57:54 [I] Migrator: exec migration id: copy dashboard v1 to v2
2018/08/27 13:57:54 [I] Migrator: exec migration id: drop table dashboard_v1
2018/08/27 13:57:54 [I] Migrator: exec migration id: alter dashboard.data to mediumtext v1
2018/08/27 13:57:54 [I] Migrator: exec migration id: create data_source table
2018/08/27 13:57:54 [I] Migrator: exec migration id: add index data_source.account_id
2018/08/27 13:57:54 [I] Migrator: exec migration id: add unique index data_source.account_id_name
2018/08/27 13:57:55 [I] Migrator: exec migration id: drop index IDX_data_source_account_id - v1
2018/08/27 13:57:55 [I] Migrator: exec migration id: drop index UQE_data_source_account_id_name - v1
2018/08/27 13:57:55 [I] Migrator: exec migration id: Rename table data_source to data_source_v1 - v1
2018/08/27 13:57:55 [I] Migrator: exec migration id: create data_source table v2
2018/08/27 13:57:55 [I] Migrator: exec migration id: create index IDX_data_source_org_id - v2
2018/08/27 13:57:55 [I] Migrator: exec migration id: create index UQE_data_source_org_id_name - v2
2018/08/27 13:57:55 [I] Migrator: exec migration id: copy data_source v1 to v2
2018/08/27 13:57:55 [I] Migrator: exec migration id: Drop old table data_source_v1 #2
2018/08/27 13:57:55 [I] Migrator: exec migration id: create api_key table
2018/08/27 13:57:55 [I] Migrator: exec migration id: add index api_key.account_id
2018/08/27 13:57:55 [I] Migrator: exec migration id: add index api_key.key
2018/08/27 13:57:55 [I] Migrator: exec migration id: add index api_key.account_id_name
2018/08/27 13:57:55 [I] Migrator: exec migration id: drop index IDX_api_key_account_id - v1
2018/08/27 13:57:55 [I] Migrator: exec migration id: drop index UQE_api_key_key - v1
2018/08/27 13:57:55 [I] Migrator: exec migration id: drop index UQE_api_key_account_id_name - v1
2018/08/27 13:57:55 [I] Migrator: exec migration id: Rename table api_key to api_key_v1 - v1
2018/08/27 13:57:55 [I] Migrator: exec migration id: create api_key table v2
2018/08/27 13:57:56 [I] Migrator: exec migration id: create index IDX_api_key_org_id - v2
2018/08/27 13:57:56 [I] Migrator: exec migration id: create index UQE_api_key_key - v2
2018/08/27 13:57:56 [I] Migrator: exec migration id: create index UQE_api_key_org_id_name - v2
2018/08/27 13:57:56 [I] Migrator: exec migration id: copy api_key v1 to v2
2018/08/27 13:57:56 [I] Migrator: exec migration id: Drop old table api_key_v1
2018/08/27 13:57:56 [I] Migrator: exec migration id: create dashboard_snapshot table v4
2018/08/27 13:57:56 [I] Migrator: exec migration id: drop table dashboard_snapshot_v4 #1
2018/08/27 13:57:56 [I] Migrator: exec migration id: create dashboard_snapshot table v5 #2
2018/08/27 13:57:56 [I] Migrator: exec migration id: create index UQE_dashboard_snapshot_key - v5
2018/08/27 13:57:56 [I] Migrator: exec migration id: create index UQE_dashboard_snapshot_delete_key - v5
2018/08/27 13:57:56 [I] Migrator: exec migration id: create index IDX_dashboard_snapshot_user_id - v5
2018/08/27 13:57:56 [I] Migrator: exec migration id: alter dashboard_snapshot to mediumtext v2
2018/08/27 13:57:56 [I] Migrator: exec migration id: create quota table v1
2018/08/27 13:57:56 [I] Migrator: exec migration id: create index UQE_quota_org_id_user_id_target - v1
2018/08/27 13:57:57 [I] Created default admin user: admin
2018/08/27 13:57:57 [I] Listen: http://0.0.0.0:3000
2018/08/27 13:58:08 [I] Completed / 302 Found in 476.074µs
2018/08/27 13:58:31 [I] Completed / 302 Found in 502.717µs
2018/08/27 14:29:10 [I] Received signal interrupt. shutting down
